Archive:  77 GreenWalk (Backuped before the Great Split).zip
  Length     Date   Time    Name
 --------    ----   ----    ----
        0  10-31-11 01:23   GreenWalk/
     6148  10-31-11 01:22   GreenWalk/.DS_Store
        0  10-31-11 19:55   __MACOSX/
        0  10-31-11 19:55   __MACOSX/GreenWalk/
       82  10-31-11 01:22   __MACOSX/GreenWalk/._.DS_Store
        0  10-31-11 03:23   GreenWalk/assets/
     6148  10-08-11 02:28   GreenWalk/assets/.DS_Store
        0  10-31-11 19:55   __MACOSX/GreenWalk/assets/
       82  10-08-11 02:28   __MACOSX/GreenWalk/assets/._.DS_Store
        0  10-22-11 20:07   GreenWalk/assets/doc/
     6148  06-13-11 18:29   GreenWalk/assets/doc/.DS_Store
        0  10-31-11 19:55   __MACOSX/GreenWalk/assets/doc/
       82  06-13-11 18:29   __MACOSX/GreenWalk/assets/doc/._.DS_Store
     1511  10-22-11 20:07   GreenWalk/assets/doc/00_podium.htm
      171  10-22-11 20:07   __MACOSX/GreenWalk/assets/doc/._00_podium.htm
     2083  10-22-11 20:07   GreenWalk/assets/doc/01_ws.htm
      171  10-22-11 20:07   __MACOSX/GreenWalk/assets/doc/._01_ws.htm
     1603  10-22-11 20:07   GreenWalk/assets/doc/02_greenwall.htm
      171  10-22-11 20:07   __MACOSX/GreenWalk/assets/doc/._02_greenwall.htm
     1631  10-22-11 20:07   GreenWalk/assets/doc/03_swale.htm
      171  10-22-11 20:07   __MACOSX/GreenWalk/assets/doc/._03_swale.htm
     1770  10-22-11 20:07   GreenWalk/assets/doc/04_kiosc.htm
      171  10-22-11 20:07   __MACOSX/GreenWalk/assets/doc/._04_kiosc.htm
     1890  10-22-11 20:07   GreenWalk/assets/doc/05_solarwater.htm
      171  10-22-11 20:07   __MACOSX/GreenWalk/assets/doc/._05_solarwater.htm
     1987  10-22-11 20:07   GreenWalk/assets/doc/06_management.htm
      171  10-22-11 20:07   __MACOSX/GreenWalk/assets/doc/._06_management.htm
     1969  10-22-11 20:07   GreenWalk/assets/doc/07_turbine.htm
      171  10-22-11 20:07   __MACOSX/GreenWalk/assets/doc/._07_turbine.htm
     1371  10-22-11 20:07   GreenWalk/assets/doc/08_gardens.htm
      171  10-22-11 20:07   __MACOSX/GreenWalk/assets/doc/._08_gardens.htm
     4666  10-22-11 20:07   GreenWalk/assets/doc/index.htm
      171  10-22-11 20:07   __MACOSX/GreenWalk/assets/doc/._index.htm
        0  10-22-11 21:00   GreenWalk/assets/doc/scripts/
      476  10-22-11 21:00   GreenWalk/assets/doc/scripts/core.js
        0  10-31-11 19:55   __MACOSX/GreenWalk/assets/doc/scripts/
     1509  10-22-11 21:00   __MACOSX/GreenWalk/assets/doc/scripts/._core.js
        0  06-13-11 18:30   GreenWalk/assets/doc/styles/
        0  06-13-11 02:32   GreenWalk/assets/doc/styles/fonts/
        0  06-13-11 03:50   GreenWalk/assets/doc/styles/fonts/biolinum/
     6148  06-13-11 03:49   GreenWalk/assets/doc/styles/fonts/biolinum/.DS_Store
        0  10-31-11 19:55   __MACOSX/GreenWalk/assets/doc/styles/
        0  10-31-11 19:55   __MACOSX/GreenWalk/assets/doc/styles/fonts/
        0  10-31-11 19:55   __MACOSX/GreenWalk/assets/doc/styles/fonts/biolinum/
       82  06-13-11 03:49   __MACOSX/GreenWalk/assets/doc/styles/fonts/biolinum/._.DS_Store
    26270  06-12-11 13:38   GreenWalk/assets/doc/styles/fonts/biolinum/linux_biolinum-gww.svgz
      197  06-12-11 13:38   __MACOSX/GreenWalk/assets/doc/styles/fonts/biolinum/._linux_biolinum-gww.svgz
    55040  06-12-11 13:38   GreenWalk/assets/doc/styles/fonts/biolinum/linux_biolinum-gww.ttf
      197  06-12-11 13:38   __MACOSX/GreenWalk/assets/doc/styles/fonts/biolinum/._linux_biolinum-gww.ttf
    31128  06-12-11 13:38   GreenWalk/assets/doc/styles/fonts/biolinum/linux_biolinum-gww.woff
      197  06-12-11 13:38   __MACOSX/GreenWalk/assets/doc/styles/fonts/biolinum/._linux_biolinum-gww.woff
    26151  06-12-11 13:37   GreenWalk/assets/doc/styles/fonts/biolinum/linux_biolinum_bold-gww.svgz
      197  06-12-11 13:37   __MACOSX/GreenWalk/assets/doc/styles/fonts/biolinum/._linux_biolinum_bold-gww.svgz
    56212  06-12-11 13:37   GreenWalk/assets/doc/styles/fonts/biolinum/linux_biolinum_bold-gww.ttf
      197  06-12-11 13:37   __MACOSX/GreenWalk/assets/doc/styles/fonts/biolinum/._linux_biolinum_bold-gww.ttf
    32248  06-12-11 13:37   GreenWalk/assets/doc/styles/fonts/biolinum/linux_biolinum_bold-gww.woff
      197  06-12-11 13:37   __MACOSX/GreenWalk/assets/doc/styles/fonts/biolinum/._linux_biolinum_bold-gww.woff
    28161  06-12-11 13:38   GreenWalk/assets/doc/styles/fonts/biolinum/linux_biolinum_italic-gww.svgz
      197  06-12-11 13:38   __MACOSX/GreenWalk/assets/doc/styles/fonts/biolinum/._linux_biolinum_italic-gww.svgz
    61520  06-12-11 13:38   GreenWalk/assets/doc/styles/fonts/biolinum/linux_biolinum_italic-gww.ttf
      197  06-12-11 13:38   __MACOSX/GreenWalk/assets/doc/styles/fonts/biolinum/._linux_biolinum_italic-gww.ttf
    33304  06-12-11 13:38   GreenWalk/assets/doc/styles/fonts/biolinum/linux_biolinum_italic-gww.woff
      197  06-12-11 13:38   __MACOSX/GreenWalk/assets/doc/styles/fonts/biolinum/._linux_biolinum_italic-gww.woff
      805  06-13-11 03:50   GreenWalk/assets/doc/styles/fonts/biolinum/stylesheet.css
      171  06-13-11 03:50   __MACOSX/GreenWalk/assets/doc/styles/fonts/biolinum/._stylesheet.css
        0  06-13-11 03:52   GreenWalk/assets/doc/styles/fonts/oregon/
     6148  06-13-11 03:50   GreenWalk/assets/doc/styles/fonts/oregon/.DS_Store
        0  10-31-11 19:55   __MACOSX/GreenWalk/assets/doc/styles/fonts/oregon/
       82  06-13-11 03:50   __MACOSX/GreenWalk/assets/doc/styles/fonts/oregon/._.DS_Store
    28210  06-12-11 13:48   GreenWalk/assets/doc/styles/fonts/oregon/oregon_ldo-gww.svgz
      197  06-12-11 13:48   __MACOSX/GreenWalk/assets/doc/styles/fonts/oregon/._oregon_ldo-gww.svgz
    59116  06-12-11 13:48   GreenWalk/assets/doc/styles/fonts/oregon/oregon_ldo-gww.ttf
      197  06-12-11 13:48   __MACOSX/GreenWalk/assets/doc/styles/fonts/oregon/._oregon_ldo-gww.ttf
    33224  06-12-11 13:48   GreenWalk/assets/doc/styles/fonts/oregon/oregon_ldo-gww.woff
      197  06-12-11 13:48   __MACOSX/GreenWalk/assets/doc/styles/fonts/oregon/._oregon_ldo-gww.woff
    32981  06-12-11 13:48   GreenWalk/assets/doc/styles/fonts/oregon/oregon_ldo_bold-gww.svgz
      197  06-12-11 13:48   __MACOSX/GreenWalk/assets/doc/styles/fonts/oregon/._oregon_ldo_bold-gww.svgz
    64492  06-12-11 13:48   GreenWalk/assets/doc/styles/fonts/oregon/oregon_ldo_bold-gww.ttf
      197  06-12-11 13:48   __MACOSX/GreenWalk/assets/doc/styles/fonts/oregon/._oregon_ldo_bold-gww.ttf
    37680  06-12-11 13:48   GreenWalk/assets/doc/styles/fonts/oregon/oregon_ldo_bold-gww.woff
      197  06-12-11 13:48   __MACOSX/GreenWalk/assets/doc/styles/fonts/oregon/._oregon_ldo_bold-gww.woff
    39369  06-12-11 13:47   GreenWalk/assets/doc/styles/fonts/oregon/oregon_ldo_bold_oblique-gww.svgz
      197  06-12-11 13:47   __MACOSX/GreenWalk/assets/doc/styles/fonts/oregon/._oregon_ldo_bold_oblique-gww.svgz
    90140  06-12-11 13:47   GreenWalk/assets/doc/styles/fonts/oregon/oregon_ldo_bold_oblique-gww.ttf
      197  06-12-11 13:47   __MACOSX/GreenWalk/assets/doc/styles/fonts/oregon/._oregon_ldo_bold_oblique-gww.ttf
    55460  06-12-11 13:47   GreenWalk/assets/doc/styles/fonts/oregon/oregon_ldo_bold_oblique-gww.woff
      197  06-12-11 13:47   __MACOSX/GreenWalk/assets/doc/styles/fonts/oregon/._oregon_ldo_bold_oblique-gww.woff
    32299  06-12-11 13:48   GreenWalk/assets/doc/styles/fonts/oregon/oregon_ldo_oblique-gww.svgz
      197  06-12-11 13:48   __MACOSX/GreenWalk/assets/doc/styles/fonts/oregon/._oregon_ldo_oblique-gww.svgz
    75148  06-12-11 13:48   GreenWalk/assets/doc/styles/fonts/oregon/oregon_ldo_oblique-gww.ttf
      197  06-12-11 13:48   __MACOSX/GreenWalk/assets/doc/styles/fonts/oregon/._oregon_ldo_oblique-gww.ttf
    42920  06-12-11 13:48   GreenWalk/assets/doc/styles/fonts/oregon/oregon_ldo_oblique-gww.woff
      197  06-12-11 13:48   __MACOSX/GreenWalk/assets/doc/styles/fonts/oregon/._oregon_ldo_oblique-gww.woff
     1053  06-13-11 03:52   GreenWalk/assets/doc/styles/fonts/oregon/stylesheet.css
      171  06-13-11 03:52   __MACOSX/GreenWalk/assets/doc/styles/fonts/oregon/._stylesheet.css
      359  06-13-11 18:30   GreenWalk/assets/doc/styles/iphone.css
      457  06-13-11 18:30   __MACOSX/GreenWalk/assets/doc/styles/._iphone.css
     1502  06-13-11 17:33   GreenWalk/assets/doc/styles/preformat.css
      171  06-13-11 17:33   __MACOSX/GreenWalk/assets/doc/styles/._preformat.css
      862  06-13-11 18:27   GreenWalk/assets/doc/styles/screen.css
      457  06-13-11 18:27   __MACOSX/GreenWalk/assets/doc/styles/._screen.css
        0  07-28-11 19:23   GreenWalk/assets/icons/
     6148  07-28-11 19:23   GreenWalk/assets/icons/.DS_Store
        0  10-31-11 19:55   __MACOSX/GreenWalk/assets/icons/
       82  07-28-11 19:23   __MACOSX/GreenWalk/assets/icons/._.DS_Store
     2552  05-26-11 19:32   GreenWalk/assets/icons/Icon-72.png
     1809  05-26-11 19:32   GreenWalk/assets/icons/Icon-Small-50.png
     1116  05-26-11 19:32   GreenWalk/assets/icons/Icon-Small.png
     2020  05-26-11 19:32   GreenWalk/assets/icons/Icon-Small@2x.png
     2011  05-26-11 19:32   GreenWalk/assets/icons/Icon.png
     4170  05-26-11 19:32   GreenWalk/assets/icons/Icon@2x.png
   112220  05-26-11 19:32   GreenWalk/assets/icons/iTunesArtwork
        0  10-13-11 23:04   GreenWalk/assets/iphone/
     6148  10-13-11 23:04   GreenWalk/assets/iphone/.DS_Store
        0  10-31-11 19:55   __MACOSX/GreenWalk/assets/iphone/
       82  10-13-11 23:04   __MACOSX/GreenWalk/assets/iphone/._.DS_Store
        0  10-13-11 23:22   GreenWalk/assets/iphone/clips/
     6148  10-13-11 23:22   GreenWalk/assets/iphone/clips/.DS_Store
        0  10-31-11 19:55   __MACOSX/GreenWalk/assets/iphone/clips/
       82  10-13-11 23:22   __MACOSX/GreenWalk/assets/iphone/clips/._.DS_Store
  7031000  10-13-11 23:14   GreenWalk/assets/iphone/clips/energyRoomToHotWater.mov
       82  10-13-11 23:14   __MACOSX/GreenWalk/assets/iphone/clips/._energyRoomToHotWater.mov
  5636002  10-13-11 23:14   GreenWalk/assets/iphone/clips/energyRoomToTurbine.mov
       82  10-13-11 23:14   __MACOSX/GreenWalk/assets/iphone/clips/._energyRoomToTurbine.mov
 10858136  10-13-11 23:15   GreenWalk/assets/iphone/clips/energyRoomZoom.mov
       82  10-13-11 23:15   __MACOSX/GreenWalk/assets/iphone/clips/._energyRoomZoom.mov
  7286676  10-13-11 23:15   GreenWalk/assets/iphone/clips/gardensToTurbine.mov
       82  10-13-11 23:15   __MACOSX/GreenWalk/assets/iphone/clips/._gardensToTurbine.mov
  3690898  10-13-11 23:15   GreenWalk/assets/iphone/clips/gardensToWS.mov
       82  10-13-11 23:15   __MACOSX/GreenWalk/assets/iphone/clips/._gardensToWS.mov
   691152  10-13-11 23:15   GreenWalk/assets/iphone/clips/gardensZoomIn.mov
       82  10-13-11 23:15   __MACOSX/GreenWalk/assets/iphone/clips/._gardensZoomIn.mov
   495989  10-13-11 23:15   GreenWalk/assets/iphone/clips/gardensZoomOut.mov
       82  10-13-11 23:15   __MACOSX/GreenWalk/assets/iphone/clips/._gardensZoomOut.mov
 11371821  10-13-11 23:16   GreenWalk/assets/iphone/clips/greenWallToSwale.mov
       82  10-13-11 23:16   __MACOSX/GreenWalk/assets/iphone/clips/._greenWallToSwale.mov
  2780062  10-13-11 23:16   GreenWalk/assets/iphone/clips/greenWallToWS.mov
       82  10-13-11 23:16   __MACOSX/GreenWalk/assets/iphone/clips/._greenWallToWS.mov
   927111  10-13-11 23:16   GreenWalk/assets/iphone/clips/greenWallZoomIn.mov
       82  10-13-11 23:16   __MACOSX/GreenWalk/assets/iphone/clips/._greenWallZoomIn.mov
  1398288  10-13-11 23:16   GreenWalk/assets/iphone/clips/greenWallZoomOut.mov
       82  10-13-11 23:16   __MACOSX/GreenWalk/assets/iphone/clips/._greenWallZoomOut.mov
  5721169  10-13-11 23:16   GreenWalk/assets/iphone/clips/hotWaterToEnergyRoom.mov
       82  10-13-11 23:16   __MACOSX/GreenWalk/assets/iphone/clips/._hotWaterToEnergyRoom.mov
  4068135  10-13-11 23:17   GreenWalk/assets/iphone/clips/hotWaterToKIOSC.mov
       82  10-13-11 23:17   __MACOSX/GreenWalk/assets/iphone/clips/._hotWaterToKIOSC.mov
  2342592  10-13-11 23:17   GreenWalk/assets/iphone/clips/hotWaterZoomIn.mov
       82  10-13-11 23:17   __MACOSX/GreenWalk/assets/iphone/clips/._hotWaterZoomIn.mov
  1129925  10-13-11 23:17   GreenWalk/assets/iphone/clips/hotWaterZoomOut.mov
       82  10-13-11 23:17   __MACOSX/GreenWalk/assets/iphone/clips/._hotWaterZoomOut.mov
  3193454  10-13-11 23:17   GreenWalk/assets/iphone/clips/KIOSCToHotWater.mov
       82  10-13-11 23:17   __MACOSX/GreenWalk/assets/iphone/clips/._KIOSCToHotWater.mov
  2127002  10-13-11 23:17   GreenWalk/assets/iphone/clips/KIOSCToSwale.mov
       82  10-13-11 23:17   __MACOSX/GreenWalk/assets/iphone/clips/._KIOSCToSwale.mov
  3076599  10-13-11 23:17   GreenWalk/assets/iphone/clips/KIOSCZoomIn.mov
       82  10-13-11 23:17   __MACOSX/GreenWalk/assets/iphone/clips/._KIOSCZoomIn.mov
  3483057  10-13-11 23:17   GreenWalk/assets/iphone/clips/KIOSCZoomOut.mov
       82  10-13-11 23:17   __MACOSX/GreenWalk/assets/iphone/clips/._KIOSCZoomOut.mov
  1447237  10-13-11 23:17   GreenWalk/assets/iphone/clips/startToWelcome.mov
       82  10-13-11 23:17   __MACOSX/GreenWalk/assets/iphone/clips/._startToWelcome.mov
 10322798  10-13-11 23:18   GreenWalk/assets/iphone/clips/swaleToGreenWall.mov
       82  10-13-11 23:18   __MACOSX/GreenWalk/assets/iphone/clips/._swaleToGreenWall.mov
  2098152  10-13-11 23:18   GreenWalk/assets/iphone/clips/swaleToKIOSC.mov
       82  10-13-11 23:18   __MACOSX/GreenWalk/assets/iphone/clips/._swaleToKIOSC.mov
  3843252  10-13-11 23:18   GreenWalk/assets/iphone/clips/turbineToEnergyRoom.mov
       82  10-13-11 23:18   __MACOSX/GreenWalk/assets/iphone/clips/._turbineToEnergyRoom.mov
  4686983  10-13-11 23:18   GreenWalk/assets/iphone/clips/turbineToGardens.mov
       82  10-13-11 23:18   __MACOSX/GreenWalk/assets/iphone/clips/._turbineToGardens.mov
  2684050  10-13-11 23:19   GreenWalk/assets/iphone/clips/turbineZoom.mov
       82  10-13-11 23:19   __MACOSX/GreenWalk/assets/iphone/clips/._turbineZoom.mov
  1293845  10-13-11 23:19   GreenWalk/assets/iphone/clips/welcomeToWS.mov
       82  10-13-11 23:19   __MACOSX/GreenWalk/assets/iphone/clips/._welcomeToWS.mov
  4254656  10-13-11 23:19   GreenWalk/assets/iphone/clips/WSToGardens.mov
       82  10-13-11 23:19   __MACOSX/GreenWalk/assets/iphone/clips/._WSToGardens.mov
  3066783  10-13-11 23:19   GreenWalk/assets/iphone/clips/WSToGreenWall.mov
       82  10-13-11 23:19   __MACOSX/GreenWalk/assets/iphone/clips/._WSToGreenWall.mov
  1949040  10-13-11 23:19   GreenWalk/assets/iphone/clips/WSToWelcome.mov
       82  10-13-11 23:19   __MACOSX/GreenWalk/assets/iphone/clips/._WSToWelcome.mov
  1395316  10-13-11 23:19   GreenWalk/assets/iphone/clips/WSZoomIn.mov
       82  10-13-11 23:19   __MACOSX/GreenWalk/assets/iphone/clips/._WSZoomIn.mov
  1553517  10-13-11 23:19   GreenWalk/assets/iphone/clips/WSZoomOut.mov
       82  10-13-11 23:19   __MACOSX/GreenWalk/assets/iphone/clips/._WSZoomOut.mov
        0  10-13-11 22:34   GreenWalk/assets/iphone/stills/
   145799  10-12-11 19:19   GreenWalk/assets/iphone/stills/energyRoom.jpg
   191701  10-12-11 19:19   GreenWalk/assets/iphone/stills/gardens.jpg
   209976  10-12-11 19:19   GreenWalk/assets/iphone/stills/gardensZoom.jpg
   251349  10-12-11 19:19   GreenWalk/assets/iphone/stills/greenWall.jpg
   205512  10-12-11 19:19   GreenWalk/assets/iphone/stills/greenWallZoom.jpg
   216703  10-12-11 19:19   GreenWalk/assets/iphone/stills/hotWater.jpg
   155110  10-12-11 19:19   GreenWalk/assets/iphone/stills/hotWaterZoom.jpg
   241576  10-12-11 19:19   GreenWalk/assets/iphone/stills/KIOSC.jpg
   173098  10-12-11 19:19   GreenWalk/assets/iphone/stills/KIOSCZoom.jpg
   150949  10-12-11 19:19   GreenWalk/assets/iphone/stills/start.jpg
   267490  10-12-11 19:19   GreenWalk/assets/iphone/stills/swale.jpg
   276947  10-12-11 19:19   GreenWalk/assets/iphone/stills/turbine.jpg
   200099  10-12-11 19:19   GreenWalk/assets/iphone/stills/welcome.jpg
   176235  10-12-11 19:19   GreenWalk/assets/iphone/stills/WS.jpg
   137697  10-13-11 21:17   GreenWalk/assets/iphone/stills/WSZoom.jpg
        0  10-13-11 23:06   GreenWalk/assets (Isolated)/
     6148  10-13-11 23:02   GreenWalk/assets (Isolated)/.DS_Store
        0  10-31-11 19:55   __MACOSX/GreenWalk/assets (Isolated)/
       82  10-13-11 23:02   __MACOSX/GreenWalk/assets (Isolated)/._.DS_Store
        0  10-08-11 02:26   GreenWalk/assets (Isolated)/ipad/
     6148  10-08-11 02:02   GreenWalk/assets (Isolated)/ipad/.DS_Store
        0  10-31-11 19:55   __MACOSX/GreenWalk/assets (Isolated)/ipad/
       82  10-08-11 02:02   __MACOSX/GreenWalk/assets (Isolated)/ipad/._.DS_Store
        0  10-31-11 19:28   GreenWalk/assets (Isolated)/ipad/clips/
 18080588  10-08-11 02:06   GreenWalk/assets (Isolated)/ipad/clips/energyRoomToHotWater.mov
        0  10-31-11 19:55   __MACOSX/GreenWalk/assets (Isolated)/ipad/clips/
       82  10-08-11 02:06   __MACOSX/GreenWalk/assets (Isolated)/ipad/clips/._energyRoomToHotWater.mov
 14232840  10-08-11 02:07   GreenWalk/assets (Isolated)/ipad/clips/energyRoomToTurbine.mov
       82  10-08-11 02:07   __MACOSX/GreenWalk/assets (Isolated)/ipad/clips/._energyRoomToTurbine.mov
 28072882  10-08-11 02:09   GreenWalk/assets (Isolated)/ipad/clips/energyRoomZoom.mov
       82  10-08-11 02:09   __MACOSX/GreenWalk/assets (Isolated)/ipad/clips/._energyRoomZoom.mov
 18795210  10-08-11 02:10   GreenWalk/assets (Isolated)/ipad/clips/gardensToTurbine.mov
       82  10-08-11 02:10   __MACOSX/GreenWalk/assets (Isolated)/ipad/clips/._gardensToTurbine.mov
  9738827  10-08-11 02:11   GreenWalk/assets (Isolated)/ipad/clips/gardensToWS.mov
       82  10-08-11 02:11   __MACOSX/GreenWalk/assets (Isolated)/ipad/clips/._gardensToWS.mov
  1782644  10-08-11 02:11   GreenWalk/assets (Isolated)/ipad/clips/gardensZoomIn.mov
       82  10-08-11 02:11   __MACOSX/GreenWalk/assets (Isolated)/ipad/clips/._gardensZoomIn.mov
  1246637  10-08-11 02:11   GreenWalk/assets (Isolated)/ipad/clips/gardensZoomOut.mov
       82  10-08-11 02:11   __MACOSX/GreenWalk/assets (Isolated)/ipad/clips/._gardensZoomOut.mov
 29481536  10-08-11 02:13   GreenWalk/assets (Isolated)/ipad/clips/greenWallToSwale.mov
       82  10-08-11 02:13   __MACOSX/GreenWalk/assets (Isolated)/ipad/clips/._greenWallToSwale.mov
  7147897  10-08-11 02:13   GreenWalk/assets (Isolated)/ipad/clips/greenWallToWS.mov
       82  10-08-11 02:13   __MACOSX/GreenWalk/assets (Isolated)/ipad/clips/._greenWallToWS.mov
  2288604  10-08-11 02:13   GreenWalk/assets (Isolated)/ipad/clips/greenWallZoomIn.mov
       82  10-08-11 02:13   __MACOSX/GreenWalk/assets (Isolated)/ipad/clips/._greenWallZoomIn.mov
  3438008  10-08-11 02:14   GreenWalk/assets (Isolated)/ipad/clips/greenWallZoomOut.mov
       82  10-08-11 02:14   __MACOSX/GreenWalk/assets (Isolated)/ipad/clips/._greenWallZoomOut.mov
 14948279  10-08-11 02:15   GreenWalk/assets (Isolated)/ipad/clips/hotWaterToEnergyRoom.mov
       82  10-08-11 02:15   __MACOSX/GreenWalk/assets (Isolated)/ipad/clips/._hotWaterToEnergyRoom.mov
 10267767  10-08-11 02:15   GreenWalk/assets (Isolated)/ipad/clips/hotWaterToKIOSC.mov
       82  10-08-11 02:15   __MACOSX/GreenWalk/assets (Isolated)/ipad/clips/._hotWaterToKIOSC.mov
  6168931  10-08-11 02:16   GreenWalk/assets (Isolated)/ipad/clips/hotWaterZoomIn.mov
       82  10-08-11 02:16   __MACOSX/GreenWalk/assets (Isolated)/ipad/clips/._hotWaterZoomIn.mov
  2921426  10-08-11 02:16   GreenWalk/assets (Isolated)/ipad/clips/hotWaterZoomOut.mov
       82  10-08-11 02:16   __MACOSX/GreenWalk/assets (Isolated)/ipad/clips/._hotWaterZoomOut.mov
  8108173  10-08-11 02:16   GreenWalk/assets (Isolated)/ipad/clips/KIOSCToHotWater.mov
       82  10-08-11 02:16   __MACOSX/GreenWalk/assets (Isolated)/ipad/clips/._KIOSCToHotWater.mov
  5295910  10-08-11 02:17   GreenWalk/assets (Isolated)/ipad/clips/KIOSCToSwale.mov
       82  10-08-11 02:17   __MACOSX/GreenWalk/assets (Isolated)/ipad/clips/._KIOSCToSwale.mov
  8206500  10-08-11 02:17   GreenWalk/assets (Isolated)/ipad/clips/KIOSCZoomIn.mov
       82  10-08-11 02:17   __MACOSX/GreenWalk/assets (Isolated)/ipad/clips/._KIOSCZoomIn.mov
  8737578  10-08-11 02:18   GreenWalk/assets (Isolated)/ipad/clips/KIOSCZoomOut.mov
       82  10-08-11 02:18   __MACOSX/GreenWalk/assets (Isolated)/ipad/clips/._KIOSCZoomOut.mov
  3785879  10-08-11 02:18   GreenWalk/assets (Isolated)/ipad/clips/startToWelcome.mov
       82  10-08-11 02:18   __MACOSX/GreenWalk/assets (Isolated)/ipad/clips/._startToWelcome.mov
 26649951  10-08-11 02:20   GreenWalk/assets (Isolated)/ipad/clips/swaleToGreenWall.mov
       82  10-08-11 02:20   __MACOSX/GreenWalk/assets (Isolated)/ipad/clips/._swaleToGreenWall.mov
  5311645  10-08-11 02:20   GreenWalk/assets (Isolated)/ipad/clips/swaleToKIOSC.mov
       82  10-08-11 02:20   __MACOSX/GreenWalk/assets (Isolated)/ipad/clips/._swaleToKIOSC.mov
 10075767  10-08-11 02:21   GreenWalk/assets (Isolated)/ipad/clips/turbineToEnergyRoom.mov
       82  10-08-11 02:21   __MACOSX/GreenWalk/assets (Isolated)/ipad/clips/._turbineToEnergyRoom.mov
 12278904  10-08-11 02:22   GreenWalk/assets (Isolated)/ipad/clips/turbineToGardens.mov
       82  10-08-11 02:22   __MACOSX/GreenWalk/assets (Isolated)/ipad/clips/._turbineToGardens.mov
  6968565  10-08-11 02:22   GreenWalk/assets (Isolated)/ipad/clips/turbineZoom.mov
       82  10-08-11 02:22   __MACOSX/GreenWalk/assets (Isolated)/ipad/clips/._turbineZoom.mov
  3388466  10-08-11 02:22   GreenWalk/assets (Isolated)/ipad/clips/welcomeToWS.mov
       82  10-08-11 02:22   __MACOSX/GreenWalk/assets (Isolated)/ipad/clips/._welcomeToWS.mov
 10660453  10-08-11 02:23   GreenWalk/assets (Isolated)/ipad/clips/WSToGardens.mov
       82  10-08-11 02:23   __MACOSX/GreenWalk/assets (Isolated)/ipad/clips/._WSToGardens.mov
  7694569  10-08-11 02:23   GreenWalk/assets (Isolated)/ipad/clips/WSToGreenWall.mov
       82  10-08-11 02:23   __MACOSX/GreenWalk/assets (Isolated)/ipad/clips/._WSToGreenWall.mov
  4993013  10-08-11 02:24   GreenWalk/assets (Isolated)/ipad/clips/WSToWelcome.mov
       82  10-08-11 02:24   __MACOSX/GreenWalk/assets (Isolated)/ipad/clips/._WSToWelcome.mov
  3726191  10-08-11 02:24   GreenWalk/assets (Isolated)/ipad/clips/WSZoomIn.mov
       82  10-08-11 02:24   __MACOSX/GreenWalk/assets (Isolated)/ipad/clips/._WSZoomIn.mov
  3877146  10-08-11 02:24   GreenWalk/assets (Isolated)/ipad/clips/WSZoomOut.mov
       82  10-08-11 02:24   __MACOSX/GreenWalk/assets (Isolated)/ipad/clips/._WSZoomOut.mov
        0  10-08-11 02:03   GreenWalk/assets (Isolated)/ipad/stills/
   338753  10-08-11 01:35   GreenWalk/assets (Isolated)/ipad/stills/energyRoom.jpg
   393660  10-08-11 01:35   GreenWalk/assets (Isolated)/ipad/stills/gardens.jpg
   414606  10-08-11 01:35   GreenWalk/assets (Isolated)/ipad/stills/gardensZoom.jpg
   525223  10-08-11 01:35   GreenWalk/assets (Isolated)/ipad/stills/greenWall.jpg
   436847  10-08-11 01:35   GreenWalk/assets (Isolated)/ipad/stills/greenWallZoom.jpg
   471833  10-08-11 01:35   GreenWalk/assets (Isolated)/ipad/stills/hotWater.jpg
   316778  10-08-11 01:35   GreenWalk/assets (Isolated)/ipad/stills/hotWaterZoom.jpg
   480808  10-08-11 01:35   GreenWalk/assets (Isolated)/ipad/stills/KIOSC.jpg
   332062  10-08-11 01:35   GreenWalk/assets (Isolated)/ipad/stills/KIOSCZoom.jpg
   320512  10-08-11 01:49   GreenWalk/assets (Isolated)/ipad/stills/start.jpg
   547159  10-08-11 01:35   GreenWalk/assets (Isolated)/ipad/stills/swale.jpg
   572900  10-08-11 01:35   GreenWalk/assets (Isolated)/ipad/stills/turbine.jpg
   397617  10-08-11 01:35   GreenWalk/assets (Isolated)/ipad/stills/welcome.jpg
   317918  10-08-11 01:35   GreenWalk/assets (Isolated)/ipad/stills/WS.jpg
   349170  10-08-11 01:35   GreenWalk/assets (Isolated)/ipad/stills/WSZoom.jpg
        0  10-19-11 04:12   GreenWalk/build/
     6148  10-19-11 04:12   GreenWalk/build/.DS_Store
        0  10-31-11 19:55   __MACOSX/GreenWalk/build/
       82  10-19-11 04:12   __MACOSX/GreenWalk/build/._.DS_Store
        0  10-19-11 04:12   GreenWalk/build/Debug-iphonesimulator/
        0  10-31-11 03:23   GreenWalk/build/Debug-iphonesimulator/GreenWalk.app/
        0  10-31-11 03:23   GreenWalk/build/Debug-iphonesimulator/GreenWalk.app/assets/
        0  10-31-11 03:23   GreenWalk/build/Debug-iphonesimulator/GreenWalk.app/assets/doc/
     1511  10-31-11 03:23   GreenWalk/build/Debug-iphonesimulator/GreenWalk.app/assets/doc/00_podium.htm
     2083  10-31-11 03:23   GreenWalk/build/Debug-iphonesimulator/GreenWalk.app/assets/doc/01_ws.htm
     1603  10-31-11 03:23   GreenWalk/build/Debug-iphonesimulator/GreenWalk.app/assets/doc/02_greenwall.htm
     1631  10-31-11 03:23   GreenWalk/build/Debug-iphonesimulator/GreenWalk.app/assets/doc/03_swale.htm
     1770  10-31-11 03:23   GreenWalk/build/Debug-iphonesimulator/GreenWalk.app/assets/doc/04_kiosc.htm
     1890  10-31-11 03:23   GreenWalk/build/Debug-iphonesimulator/GreenWalk.app/assets/doc/05_solarwater.htm
     1987  10-31-11 03:23   GreenWalk/build/Debug-iphonesimulator/GreenWalk.app/assets/doc/06_management.htm
     1969  10-31-11 03:23   GreenWalk/build/Debug-iphonesimulator/GreenWalk.app/assets/doc/07_turbine.htm
     1371  10-31-11 03:23   GreenWalk/build/Debug-iphonesimulator/GreenWalk.app/assets/doc/08_gardens.htm
     4666  10-31-11 03:23   GreenWalk/build/Debug-iphonesimulator/GreenWalk.app/assets/doc/index.htm
        0  10-31-11 03:23   GreenWalk/build/Debug-iphonesimulator/GreenWalk.app/assets/doc/scripts/
      476  10-31-11 03:23   GreenWalk/build/Debug-iphonesimulator/GreenWalk.app/assets/doc/scripts/core.js
        0  10-31-11 03:23   GreenWalk/build/Debug-iphonesimulator/GreenWalk.app/assets/doc/styles/
        0  10-31-11 03:23   GreenWalk/build/Debug-iphonesimulator/GreenWalk.app/assets/doc/styles/fonts/
        0  10-31-11 03:23   GreenWalk/build/Debug-iphonesimulator/GreenWalk.app/assets/doc/styles/fonts/biolinum/
    26270  10-31-11 03:23   GreenWalk/build/Debug-iphonesimulator/GreenWalk.app/assets/doc/styles/fonts/biolinum/linux_biolinum-gww.svgz
    55040  10-31-11 03:23   GreenWalk/build/Debug-iphonesimulator/GreenWalk.app/assets/doc/styles/fonts/biolinum/linux_biolinum-gww.ttf
    31128  10-31-11 03:23   GreenWalk/build/Debug-iphonesimulator/GreenWalk.app/assets/doc/styles/fonts/biolinum/linux_biolinum-gww.woff
    26151  10-31-11 03:23   GreenWalk/build/Debug-iphonesimulator/GreenWalk.app/assets/doc/styles/fonts/biolinum/linux_biolinum_bold-gww.svgz
    56212  10-31-11 03:23   GreenWalk/build/Debug-iphonesimulator/GreenWalk.app/assets/doc/styles/fonts/biolinum/linux_biolinum_bold-gww.ttf
    32248  10-31-11 03:23   GreenWalk/build/Debug-iphonesimulator/GreenWalk.app/assets/doc/styles/fonts/biolinum/linux_biolinum_bold-gww.woff
    28161  10-31-11 03:23   GreenWalk/build/Debug-iphonesimulator/GreenWalk.app/assets/doc/styles/fonts/biolinum/linux_biolinum_italic-gww.svgz
    61520  10-31-11 03:23   GreenWalk/build/Debug-iphonesimulator/GreenWalk.app/assets/doc/styles/fonts/biolinum/linux_biolinum_italic-gww.ttf
    33304  10-31-11 03:23   GreenWalk/build/Debug-iphonesimulator/GreenWalk.app/assets/doc/styles/fonts/biolinum/linux_biolinum_italic-gww.woff
      805  10-31-11 03:23   GreenWalk/build/Debug-iphonesimulator/GreenWalk.app/assets/doc/styles/fonts/biolinum/stylesheet.css
        0  10-31-11 03:23   GreenWalk/build/Debug-iphonesimulator/GreenWalk.app/assets/doc/styles/fonts/oregon/
    28210  10-31-11 03:23   GreenWalk/build/Debug-iphonesimulator/GreenWalk.app/assets/doc/styles/fonts/oregon/oregon_ldo-gww.svgz
    59116  10-31-11 03:23   GreenWalk/build/Debug-iphonesimulator/GreenWalk.app/assets/doc/styles/fonts/oregon/oregon_ldo-gww.ttf
    33224  10-31-11 03:23   GreenWalk/build/Debug-iphonesimulator/GreenWalk.app/assets/doc/styles/fonts/oregon/oregon_ldo-gww.woff
    32981  10-31-11 03:23   GreenWalk/build/Debug-iphonesimulator/GreenWalk.app/assets/doc/styles/fonts/oregon/oregon_ldo_bold-gww.svgz
    64492  10-31-11 03:23   GreenWalk/build/Debug-iphonesimulator/GreenWalk.app/assets/doc/styles/fonts/oregon/oregon_ldo_bold-gww.ttf
    37680  10-31-11 03:23   GreenWalk/build/Debug-iphonesimulator/GreenWalk.app/assets/doc/styles/fonts/oregon/oregon_ldo_bold-gww.woff
    39369  10-31-11 03:23   GreenWalk/build/Debug-iphonesimulator/GreenWalk.app/assets/doc/styles/fonts/oregon/oregon_ldo_bold_oblique-gww.svgz
    90140  10-31-11 03:23   GreenWalk/build/Debug-iphonesimulator/GreenWalk.app/assets/doc/styles/fonts/oregon/oregon_ldo_bold_oblique-gww.ttf
    55460  10-31-11 03:23   GreenWalk/build/Debug-iphonesimulator/GreenWalk.app/assets/doc/styles/fonts/oregon/oregon_ldo_bold_oblique-gww.woff
    32299  10-31-11 03:23   GreenWalk/build/Debug-iphonesimulator/GreenWalk.app/assets/doc/styles/fonts/oregon/oregon_ldo_oblique-gww.svgz
    75148  10-31-11 03:23   GreenWalk/build/Debug-iphonesimulator/GreenWalk.app/assets/doc/styles/fonts/oregon/oregon_ldo_oblique-gww.ttf
    42920  10-31-11 03:23   GreenWalk/build/Debug-iphonesimulator/GreenWalk.app/assets/doc/styles/fonts/oregon/oregon_ldo_oblique-gww.woff
     1053  10-31-11 03:23   GreenWalk/build/Debug-iphonesimulator/GreenWalk.app/assets/doc/styles/fonts/oregon/stylesheet.css
      359  10-31-11 03:23   GreenWalk/build/Debug-iphonesimulator/GreenWalk.app/assets/doc/styles/iphone.css
     1502  10-31-11 03:23   GreenWalk/build/Debug-iphonesimulator/GreenWalk.app/assets/doc/styles/preformat.css
      862  10-31-11 03:23   GreenWalk/build/Debug-iphonesimulator/GreenWalk.app/assets/doc/styles/screen.css
        0  10-31-11 03:23   GreenWalk/build/Debug-iphonesimulator/GreenWalk.app/assets/icons/
     2552  10-31-11 03:23   GreenWalk/build/Debug-iphonesimulator/GreenWalk.app/assets/icons/Icon-72.png
     1809  10-31-11 03:23   GreenWalk/build/Debug-iphonesimulator/GreenWalk.app/assets/icons/Icon-Small-50.png
     1116  10-31-11 03:23   GreenWalk/build/Debug-iphonesimulator/GreenWalk.app/assets/icons/Icon-Small.png
     2020  10-31-11 03:23   GreenWalk/build/Debug-iphonesimulator/GreenWalk.app/assets/icons/Icon-Small@2x.png
     2011  10-31-11 03:23   GreenWalk/build/Debug-iphonesimulator/GreenWalk.app/assets/icons/Icon.png
     4170  10-31-11 03:23   GreenWalk/build/Debug-iphonesimulator/GreenWalk.app/assets/icons/Icon@2x.png
   112220  10-31-11 03:23   GreenWalk/build/Debug-iphonesimulator/GreenWalk.app/assets/icons/iTunesArtwork
        0  10-31-11 03:23   GreenWalk/build/Debug-iphonesimulator/GreenWalk.app/assets/iphone/
        0  10-31-11 03:23   GreenWalk/build/Debug-iphonesimulator/GreenWalk.app/assets/iphone/clips/
  7031000  10-31-11 03:23   GreenWalk/build/Debug-iphonesimulator/GreenWalk.app/assets/iphone/clips/energyRoomToHotWater.mov
  5636002  10-31-11 03:23   GreenWalk/build/Debug-iphonesimulator/GreenWalk.app/assets/iphone/clips/energyRoomToTurbine.mov
 10858136  10-31-11 03:23   GreenWalk/build/Debug-iphonesimulator/GreenWalk.app/assets/iphone/clips/energyRoomZoom.mov
  7286676  10-31-11 03:23   GreenWalk/build/Debug-iphonesimulator/GreenWalk.app/assets/iphone/clips/gardensToTurbine.mov
  3690898  10-31-11 03:23   GreenWalk/build/Debug-iphonesimulator/GreenWalk.app/assets/iphone/clips/gardensToWS.mov
   691152  10-31-11 03:23   GreenWalk/build/Debug-iphonesimulator/GreenWalk.app/assets/iphone/clips/gardensZoomIn.mov
   495989  10-31-11 03:23   GreenWalk/build/Debug-iphonesimulator/GreenWalk.app/assets/iphone/clips/gardensZoomOut.mov
 11371821  10-31-11 03:23   GreenWalk/build/Debug-iphonesimulator/GreenWalk.app/assets/iphone/clips/greenWallToSwale.mov
  2780062  10-31-11 03:23   GreenWalk/build/Debug-iphonesimulator/GreenWalk.app/assets/iphone/clips/greenWallToWS.mov
   927111  10-31-11 03:23   GreenWalk/build/Debug-iphonesimulator/GreenWalk.app/assets/iphone/clips/greenWallZoomIn.mov
  1398288  10-31-11 03:23   GreenWalk/build/Debug-iphonesimulator/GreenWalk.app/assets/iphone/clips/greenWallZoomOut.mov
  5721169  10-31-11 03:23   GreenWalk/build/Debug-iphonesimulator/GreenWalk.app/assets/iphone/clips/hotWaterToEnergyRoom.mov
  4068135  10-31-11 03:23   GreenWalk/build/Debug-iphonesimulator/GreenWalk.app/assets/iphone/clips/hotWaterToKIOSC.mov
  2342592  10-31-11 03:23   GreenWalk/build/Debug-iphonesimulator/GreenWalk.app/assets/iphone/clips/hotWaterZoomIn.mov
  1129925  10-31-11 03:23   GreenWalk/build/Debug-iphonesimulator/GreenWalk.app/assets/iphone/clips/hotWaterZoomOut.mov
  3193454  10-31-11 03:23   GreenWalk/build/Debug-iphonesimulator/GreenWalk.app/assets/iphone/clips/KIOSCToHotWater.mov
  2127002  10-31-11 03:23   GreenWalk/build/Debug-iphonesimulator/GreenWalk.app/assets/iphone/clips/KIOSCToSwale.mov
  3076599  10-31-11 03:23   GreenWalk/build/Debug-iphonesimulator/GreenWalk.app/assets/iphone/clips/KIOSCZoomIn.mov
  3483057  10-31-11 03:23   GreenWalk/build/Debug-iphonesimulator/GreenWalk.app/assets/iphone/clips/KIOSCZoomOut.mov
  1447237  10-31-11 03:23   GreenWalk/build/Debug-iphonesimulator/GreenWalk.app/assets/iphone/clips/startToWelcome.mov
 10322798  10-31-11 03:23   GreenWalk/build/Debug-iphonesimulator/GreenWalk.app/assets/iphone/clips/swaleToGreenWall.mov
  2098152  10-31-11 03:23   GreenWalk/build/Debug-iphonesimulator/GreenWalk.app/assets/iphone/clips/swaleToKIOSC.mov
  3843252  10-31-11 03:23   GreenWalk/build/Debug-iphonesimulator/GreenWalk.app/assets/iphone/clips/turbineToEnergyRoom.mov
  4686983  10-31-11 03:23   GreenWalk/build/Debug-iphonesimulator/GreenWalk.app/assets/iphone/clips/turbineToGardens.mov
  2684050  10-31-11 03:23   GreenWalk/build/Debug-iphonesimulator/GreenWalk.app/assets/iphone/clips/turbineZoom.mov
  1293845  10-31-11 03:23   GreenWalk/build/Debug-iphonesimulator/GreenWalk.app/assets/iphone/clips/welcomeToWS.mov
  4254656  10-31-11 03:23   GreenWalk/build/Debug-iphonesimulator/GreenWalk.app/assets/iphone/clips/WSToGardens.mov
  3066783  10-31-11 03:23   GreenWalk/build/Debug-iphonesimulator/GreenWalk.app/assets/iphone/clips/WSToGreenWall.mov
  1949040  10-31-11 03:23   GreenWalk/build/Debug-iphonesimulator/GreenWalk.app/assets/iphone/clips/WSToWelcome.mov
  1395316  10-31-11 03:23   GreenWalk/build/Debug-iphonesimulator/GreenWalk.app/assets/iphone/clips/WSZoomIn.mov
  1553517  10-31-11 03:23   GreenWalk/build/Debug-iphonesimulator/GreenWalk.app/assets/iphone/clips/WSZoomOut.mov
        0  10-31-11 03:23   GreenWalk/build/Debug-iphonesimulator/GreenWalk.app/assets/iphone/stills/
   145799  10-31-11 03:23   GreenWalk/build/Debug-iphonesimulator/GreenWalk.app/assets/iphone/stills/energyRoom.jpg
   191701  10-31-11 03:23   GreenWalk/build/Debug-iphonesimulator/GreenWalk.app/assets/iphone/stills/gardens.jpg
   209976  10-31-11 03:23   GreenWalk/build/Debug-iphonesimulator/GreenWalk.app/assets/iphone/stills/gardensZoom.jpg
   251349  10-31-11 03:23   GreenWalk/build/Debug-iphonesimulator/GreenWalk.app/assets/iphone/stills/greenWall.jpg
   205512  10-31-11 03:23   GreenWalk/build/Debug-iphonesimulator/GreenWalk.app/assets/iphone/stills/greenWallZoom.jpg
   216703  10-31-11 03:23   GreenWalk/build/Debug-iphonesimulator/GreenWalk.app/assets/iphone/stills/hotWater.jpg
   155110  10-31-11 03:23   GreenWalk/build/Debug-iphonesimulator/GreenWalk.app/assets/iphone/stills/hotWaterZoom.jpg
   241576  10-31-11 03:23   GreenWalk/build/Debug-iphonesimulator/GreenWalk.app/assets/iphone/stills/KIOSC.jpg
   173098  10-31-11 03:23   GreenWalk/build/Debug-iphonesimulator/GreenWalk.app/assets/iphone/stills/KIOSCZoom.jpg
   150949  10-31-11 03:23   GreenWalk/build/Debug-iphonesimulator/GreenWalk.app/assets/iphone/stills/start.jpg
   267490  10-31-11 03:23   GreenWalk/build/Debug-iphonesimulator/GreenWalk.app/assets/iphone/stills/swale.jpg
   276947  10-31-11 03:23   GreenWalk/build/Debug-iphonesimulator/GreenWalk.app/assets/iphone/stills/turbine.jpg
   200099  10-31-11 03:23   GreenWalk/build/Debug-iphonesimulator/GreenWalk.app/assets/iphone/stills/welcome.jpg
   176235  10-31-11 03:23   GreenWalk/build/Debug-iphonesimulator/GreenWalk.app/assets/iphone/stills/WS.jpg
   137697  10-31-11 03:23   GreenWalk/build/Debug-iphonesimulator/GreenWalk.app/assets/iphone/stills/WSZoom.jpg
   125092  10-31-11 03:23   GreenWalk/build/Debug-iphonesimulator/GreenWalk.app/GreenWalk
      819  10-19-11 04:12   GreenWalk/build/Debug-iphonesimulator/GreenWalk.app/Info.plist
     1116  10-19-11 04:12   GreenWalk/build/Debug-iphonesimulator/GreenWalk.app/MainWindow.nib
    23024  10-31-11 01:23   GreenWalk/build/Debug-iphonesimulator/GreenWalk.app/MovieData.plist
        8  10-19-11 04:12   GreenWalk/build/Debug-iphonesimulator/GreenWalk.app/PkgInfo
     2675  10-30-11 22:15   GreenWalk/build/Debug-iphonesimulator/GreenWalk.app/RootViewController.nib
        0  10-31-11 03:23   GreenWalk/build/Debug-iphonesimulator/GreenWalk.app.dSYM/
        0  10-31-11 03:23   GreenWalk/build/Debug-iphonesimulator/GreenWalk.app.dSYM/Contents/
      593  10-31-11 03:23   GreenWalk/build/Debug-iphonesimulator/GreenWalk.app.dSYM/Contents/Info.plist
        0  10-19-11 04:12   GreenWalk/build/Debug-iphonesimulator/GreenWalk.app.dSYM/Contents/Resources/
        0  10-31-11 03:23   GreenWalk/build/Debug-iphonesimulator/GreenWalk.app.dSYM/Contents/Resources/DWARF/
   350452  10-31-11 03:23   GreenWalk/build/Debug-iphonesimulator/GreenWalk.app.dSYM/Contents/Resources/DWARF/GreenWalk
        0  10-31-11 18:37   GreenWalk/build/GreenWalk.build/
        0  10-19-11 04:12   GreenWalk/build/GreenWalk.build/Debug-iphonesimulator/
        0  10-19-11 04:12   GreenWalk/build/GreenWalk.build/Debug-iphonesimulator/GreenWalk.build/
    81042  10-31-11 18:40   GreenWalk/build/GreenWalk.build/Debug-iphonesimulator/GreenWalk.build/build-state.dat
    74019  10-19-11 04:12   GreenWalk/build/GreenWalk.build/Debug-iphonesimulator/GreenWalk.build/build-state~.dat
      793  10-19-11 04:12   GreenWalk/build/GreenWalk.build/Debug-iphonesimulator/GreenWalk.build/GreenWalk-all-target-headers.hmap
      121  10-19-11 04:12   GreenWalk/build/GreenWalk.build/Debug-iphonesimulator/GreenWalk.build/GreenWalk-generated-files.hmap
      793  10-19-11 04:12   GreenWalk/build/GreenWalk.build/Debug-iphonesimulator/GreenWalk.build/GreenWalk-own-target-headers.hmap
     1224  10-24-11 02:20   GreenWalk/build/GreenWalk.build/Debug-iphonesimulator/GreenWalk.build/GreenWalk-project-headers.hmap
     5894  10-31-11 18:40   GreenWalk/build/GreenWalk.build/Debug-iphonesimulator/GreenWalk.build/GreenWalk.dep
     1992  10-24-11 02:20   GreenWalk/build/GreenWalk.build/Debug-iphonesimulator/GreenWalk.build/GreenWalk.hmap
     4970  10-19-11 04:12   GreenWalk/build/GreenWalk.build/Debug-iphonesimulator/GreenWalk.build/GreenWalk~.dep
        0  10-19-11 04:12   GreenWalk/build/GreenWalk.build/Debug-iphonesimulator/GreenWalk.build/Objects-normal/
        0  10-31-11 03:23   GreenWalk/build/GreenWalk.build/Debug-iphonesimulator/GreenWalk.build/Objects-normal/i386/
     9848  10-24-11 01:56   GreenWalk/build/GreenWalk.build/Debug-iphonesimulator/GreenWalk.build/Objects-normal/i386/DialogueCentre.o
     3928  10-24-11 02:19   GreenWalk/build/GreenWalk.build/Debug-iphonesimulator/GreenWalk.build/Objects-normal/i386/DialogueCentre.o~$
        0  10-24-11 02:18   GreenWalk/build/GreenWalk.build/Debug-iphonesimulator/GreenWalk.build/Objects-normal/i386/DialogueCentre.o~>
     1636  10-24-11 02:20   GreenWalk/build/GreenWalk.build/Debug-iphonesimulator/GreenWalk.build/Objects-normal/i386/GreenWalk.LinkFileList
    69112  10-31-11 00:46   GreenWalk/build/GreenWalk.build/Debug-iphonesimulator/GreenWalk.build/Objects-normal/i386/GreenWalkAppDelegate.o
    47484  10-31-11 00:46   GreenWalk/build/GreenWalk.build/Debug-iphonesimulator/GreenWalk.build/Objects-normal/i386/GUILayer.o
    58724  10-31-11 00:18   GreenWalk/build/GreenWalk.build/Debug-iphonesimulator/GreenWalk.build/Objects-normal/i386/GWCoreAdditions.o
    52656  10-31-11 00:49   GreenWalk/build/GreenWalk.build/Debug-iphonesimulator/GreenWalk.build/Objects-normal/i386/Link.o
    49312  10-31-11 00:46   GreenWalk/build/GreenWalk.build/Debug-iphonesimulator/GreenWalk.build/Objects-normal/i386/LinkButton.o
     6288  10-19-11 04:12   GreenWalk/build/GreenWalk.build/Debug-iphonesimulator/GreenWalk.build/Objects-normal/i386/main.o
    40780  10-19-11 04:12   GreenWalk/build/GreenWalk.build/Debug-iphonesimulator/GreenWalk.build/Objects-normal/i386/MoviePlayer.o
    48548  10-31-11 00:46   GreenWalk/build/GreenWalk.build/Debug-iphonesimulator/GreenWalk.build/Objects-normal/i386/MovieView.o
     9696  10-23-11 00:35   GreenWalk/build/GreenWalk.build/Debug-iphonesimulator/GreenWalk.build/Objects-normal/i386/NoteCentre.o
     9696  10-24-11 01:50   GreenWalk/build/GreenWalk.build/Debug-iphonesimulator/GreenWalk.build/Objects-normal/i386/NoteCentre.o~$
        0  10-24-11 01:49   GreenWalk/build/GreenWalk.build/Debug-iphonesimulator/GreenWalk.build/Objects-normal/i386/NoteCentre.o~>
       36  10-24-11 01:50   GreenWalk/build/GreenWalk.build/Debug-iphonesimulator/GreenWalk.build/Objects-normal/i386/NoteCentre.o~?
    95980  10-31-11 03:23   GreenWalk/build/GreenWalk.build/Debug-iphonesimulator/GreenWalk.build/Objects-normal/i386/RootViewController.o
    63544  10-31-11 00:46   GreenWalk/build/GreenWalk.build/Debug-iphonesimulator/GreenWalk.build/Objects-normal/i386/Segment.o
    60632  10-31-11 00:13   GreenWalk/build/GreenWalk.build/Debug-iphonesimulator/GreenWalk.build/Objects-normal/i386/SegmentLinkButton.o
    74008  10-31-11 00:46   GreenWalk/build/GreenWalk.build/Debug-iphonesimulator/GreenWalk.build/Objects-normal/i386/Sign.o
    68112  10-31-11 00:13   GreenWalk/build/GreenWalk.build/Debug-iphonesimulator/GreenWalk.build/Objects-normal/i386/SignLinkButton.o
    65132  10-23-11 00:36   GreenWalk/build/GreenWalk.build/Debug-iphonesimulator/GreenWalk.build/Objects-normal/i386/SignLinkButton.o~$
        0  10-23-11 00:36   GreenWalk/build/GreenWalk.build/Debug-iphonesimulator/GreenWalk.build/Objects-normal/i386/SignLinkButton.o~>
       40  10-19-11 04:12   GreenWalk/build/GreenWalk.build/Debug-iphonesimulator/GreenWalk.build/Script-7F7B53E213E13AAF008908D8.sh
        0  10-31-11 18:37   GreenWalk/build/GreenWalk.build/GreenWalk.pbxindex/
     1460  10-31-11 18:37   GreenWalk/build/GreenWalk.build/GreenWalk.pbxindex/categories.pbxbtree
   162488  10-31-11 18:37   GreenWalk/build/GreenWalk.build/GreenWalk.pbxindex/cdecls.pbxbtree
   162080  10-31-11 18:37   GreenWalk/build/GreenWalk.build/GreenWalk.pbxindex/decls.pbxbtree
     3628  10-31-11 18:37   GreenWalk/build/GreenWalk.build/GreenWalk.pbxindex/files.pbxbtree
    10036  10-31-11 18:37   GreenWalk/build/GreenWalk.build/GreenWalk.pbxindex/imports.pbxbtree
       24  10-31-11 18:37   GreenWalk/build/GreenWalk.build/GreenWalk.pbxindex/pbxindex.header
     2124  10-31-11 18:37   GreenWalk/build/GreenWalk.build/GreenWalk.pbxindex/protocols.pbxbtree
   125344  10-31-11 18:37   GreenWalk/build/GreenWalk.build/GreenWalk.pbxindex/refs.pbxbtree
        0  10-31-11 18:37   GreenWalk/build/GreenWalk.build/GreenWalk.pbxindex/strings.pbxstrings/
   262164  10-31-11 18:37   GreenWalk/build/GreenWalk.build/GreenWalk.pbxindex/strings.pbxstrings/control
   339202  10-31-11 18:37   GreenWalk/build/GreenWalk.build/GreenWalk.pbxindex/strings.pbxstrings/strings
     2112  10-31-11 18:37   GreenWalk/build/GreenWalk.build/GreenWalk.pbxindex/subclasses.pbxbtree
   716296  10-31-11 18:37   GreenWalk/build/GreenWalk.build/GreenWalk.pbxindex/symbols0.pbxsymbols
        0  10-31-11 19:55   __MACOSX/GreenWalk/build/GreenWalk.build/
      159  10-31-11 18:37   __MACOSX/GreenWalk/build/GreenWalk.build/._GreenWalk.pbxindex
      159  10-31-11 18:37   __MACOSX/GreenWalk/build/._GreenWalk.build
      159  10-19-11 04:12   __MACOSX/GreenWalk/._build
        0  10-31-11 03:23   GreenWalk/Classes/
     6148  08-13-11 00:13   GreenWalk/Classes/.DS_Store
        0  10-31-11 19:55   __MACOSX/GreenWalk/Classes/
       82  08-13-11 00:13   __MACOSX/GreenWalk/Classes/._.DS_Store
     1906  10-30-11 23:54   GreenWalk/Classes/Constants.h
      171  10-30-11 23:54   __MACOSX/GreenWalk/Classes/._Constants.h
     1055  10-06-11 01:24   GreenWalk/Classes/GreenWalkAppDelegate.h
      171  10-06-11 01:24   __MACOSX/GreenWalk/Classes/._GreenWalkAppDelegate.h
     4022  10-07-11 01:55   GreenWalk/Classes/GreenWalkAppDelegate.m
      171  10-07-11 01:55   __MACOSX/GreenWalk/Classes/._GreenWalkAppDelegate.m
      916  10-24-11 13:00   GreenWalk/Classes/GWCoreAdditions.h
      171  10-24-11 13:00   __MACOSX/GreenWalk/Classes/._GWCoreAdditions.h
     4567  10-31-11 00:18   GreenWalk/Classes/GWCoreAdditions.m
      171  10-31-11 00:18   __MACOSX/GreenWalk/Classes/._GWCoreAdditions.m
        0  10-22-11 23:04   GreenWalk/Classes/LinkButton/
      689  10-18-11 17:19   GreenWalk/Classes/LinkButton/LinkButton.h
        0  10-31-11 19:55   __MACOSX/GreenWalk/Classes/LinkButton/
      171  10-18-11 17:19   __MACOSX/GreenWalk/Classes/LinkButton/._LinkButton.h
     1203  10-22-11 20:34   GreenWalk/Classes/LinkButton/LinkButton.m
      171  10-22-11 20:34   __MACOSX/GreenWalk/Classes/LinkButton/._LinkButton.m
      760  10-06-11 19:03   GreenWalk/Classes/LinkButton/SegmentLinkButton.h
      171  10-06-11 19:03   __MACOSX/GreenWalk/Classes/LinkButton/._SegmentLinkButton.h
     3075  10-18-11 17:22   GreenWalk/Classes/LinkButton/SegmentLinkButton.m
      171  10-18-11 17:22   __MACOSX/GreenWalk/Classes/LinkButton/._SegmentLinkButton.m
      780  10-06-11 20:22   GreenWalk/Classes/LinkButton/SignLinkButton.h
      171  10-06-11 20:22   __MACOSX/GreenWalk/Classes/LinkButton/._SignLinkButton.h
     6543  10-22-11 23:04   GreenWalk/Classes/LinkButton/SignLinkButton.m
      171  10-22-11 23:04   __MACOSX/GreenWalk/Classes/LinkButton/._SignLinkButton.m
        0  10-31-11 00:49   GreenWalk/Classes/Navigation/
      744  10-31-11 00:22   GreenWalk/Classes/Navigation/Link.h
        0  10-31-11 19:55   __MACOSX/GreenWalk/Classes/Navigation/
      171  10-31-11 00:22   __MACOSX/GreenWalk/Classes/Navigation/._Link.h
     2016  10-31-11 00:49   GreenWalk/Classes/Navigation/Link.m
      171  10-31-11 00:49   __MACOSX/GreenWalk/Classes/Navigation/._Link.m
     1484  10-24-11 04:51   GreenWalk/Classes/Navigation/Segment.h
      171  10-24-11 04:51   __MACOSX/GreenWalk/Classes/Navigation/._Segment.h
     3714  10-24-11 04:51   GreenWalk/Classes/Navigation/Segment.m
      171  10-24-11 04:51   __MACOSX/GreenWalk/Classes/Navigation/._Segment.m
     2152  10-24-11 06:04   GreenWalk/Classes/RootViewController.h
      171  10-24-11 06:04   __MACOSX/GreenWalk/Classes/._RootViewController.h
     8886  10-31-11 03:23   GreenWalk/Classes/RootViewController.m
      171  10-31-11 03:23   __MACOSX/GreenWalk/Classes/._RootViewController.m
        0  10-31-11 00:13   GreenWalk/Classes/Views/
     6148  10-01-11 18:29   GreenWalk/Classes/Views/.DS_Store
        0  10-31-11 19:55   __MACOSX/GreenWalk/Classes/Views/
       82  10-01-11 18:29   __MACOSX/GreenWalk/Classes/Views/._.DS_Store
      474  10-18-11 17:19   GreenWalk/Classes/Views/GUILayer.h
      171  10-18-11 17:19   __MACOSX/GreenWalk/Classes/Views/._GUILayer.h
     2023  10-18-11 17:19   GreenWalk/Classes/Views/GUILayer.m
      171  10-18-11 17:19   __MACOSX/GreenWalk/Classes/Views/._GUILayer.m
      426  10-12-11 22:13   GreenWalk/Classes/Views/MoviePlayer.h
      171  10-12-11 22:13   __MACOSX/GreenWalk/Classes/Views/._MoviePlayer.h
      575  10-12-11 23:51   GreenWalk/Classes/Views/MoviePlayer.m
      171  10-12-11 23:51   __MACOSX/GreenWalk/Classes/Views/._MoviePlayer.m
      886  10-18-11 17:19   GreenWalk/Classes/Views/MovieView.h
      171  10-18-11 17:19   __MACOSX/GreenWalk/Classes/Views/._MovieView.h
     1517  10-18-11 18:18   GreenWalk/Classes/Views/MovieView.m
      171  10-18-11 18:18   __MACOSX/GreenWalk/Classes/Views/._MovieView.m
     1947  10-31-11 00:12   GreenWalk/Classes/Views/Sign.h
      171  10-31-11 00:12   __MACOSX/GreenWalk/Classes/Views/._Sign.h
     6198  10-31-11 00:13   GreenWalk/Classes/Views/Sign.m
      171  10-31-11 00:13   __MACOSX/GreenWalk/Classes/Views/._Sign.m
     1229  08-18-11 00:12   GreenWalk/GreenWalk-Info.plist
      220  08-18-11 00:12   __MACOSX/GreenWalk/._GreenWalk-Info.plist
        0  10-31-11 18:40   GreenWalk/GreenWalk.xcodeproj/
    20577  10-31-11 18:40   GreenWalk/GreenWalk.xcodeproj/project.pbxproj
    43811  10-31-11 18:40   GreenWalk/GreenWalk.xcodeproj/user1.mode1v3
    34671  10-31-11 18:40   GreenWalk/GreenWalk.xcodeproj/user1.pbxuser
      174  07-27-11 21:04   GreenWalk/GreenWalk_Prefix.pch
      171  07-27-11 21:04   __MACOSX/GreenWalk/._GreenWalk_Prefix.pch
      334  07-28-11 15:23   GreenWalk/main.m
      171  07-28-11 15:23   __MACOSX/GreenWalk/._main.m
    21146  07-27-11 19:12   GreenWalk/MainWindow.xib
   107725  10-31-11 01:23   GreenWalk/MovieData.plist
       82  10-31-11 01:23   __MACOSX/GreenWalk/._MovieData.plist
        0  10-31-11 00:37   GreenWalk/Project Files/
     6148  10-06-11 18:42   GreenWalk/Project Files/.DS_Store
        0  10-31-11 19:55   __MACOSX/GreenWalk/Project Files/
       82  10-06-11 18:42   __MACOSX/GreenWalk/Project Files/._.DS_Store
     1487  07-28-11 16:16   GreenWalk/Project Files/GreenWalkViewController.h
     1509  07-28-11 16:16   __MACOSX/GreenWalk/Project Files/._GreenWalkViewController.h
     7507  07-28-11 16:16   GreenWalk/Project Files/GreenWalkViewController.m
     1509  07-28-11 16:16   __MACOSX/GreenWalk/Project Files/._GreenWalkViewController.m
        0  08-19-11 15:48   GreenWalk/Project Files/SVG stuff/
      410  08-19-11 15:48   GreenWalk/Project Files/SVG stuff/specs.txt
        0  10-31-11 19:55   __MACOSX/GreenWalk/Project Files/SVG stuff/
      167  08-19-11 15:48   __MACOSX/GreenWalk/Project Files/SVG stuff/._specs.txt
      527  08-19-11 14:58   GreenWalk/Project Files/SVG stuff/test_arrow.png
     2073  08-19-11 14:57   GreenWalk/Project Files/SVG stuff/test_examine.png
   199351  08-19-11 14:55   GreenWalk/Project Files/SVG stuff/Zoom Icon.ai
    97723  08-19-11 14:55   GreenWalk/Project Files/SVG stuff/Zoom Icon.svg
     7487  10-31-11 00:37   GreenWalk/Project Files/Transforms
      171  10-31-11 00:37   __MACOSX/GreenWalk/Project Files/._Transforms
     7080  10-30-11 17:41   GreenWalk/Project Files/Transforms (Older, Distant Lists)
      171  10-30-11 17:41   __MACOSX/GreenWalk/Project Files/._Transforms (Older, Distant Lists)
      425  10-07-11 02:15   GreenWalk/Project Files/Vertex Lists
      171  10-07-11 02:15   __MACOSX/GreenWalk/Project Files/._Vertex Lists
     1951  10-02-11 20:04   GreenWalk/Project Files/Zoom Icon (Readable).svg
    47674  10-30-11 22:14   GreenWalk/RootViewController.xib
 --------                   -------
548650404                   560 files
